{"/home/netmake/arquivos_programacao/Reprograma2/testes/on18-tet-s15-automacao-teste/projeto-sala/src/app.js": {"path":"/home/netmake/arquivos_programacao/Reprograma2/testes/on18-tet-s15-automacao-teste/projeto-sala/src/app.js","statementMap":{"0":{"start":{"line":2,"column":0},"end":{"line":2,"column":26}},"1":{"start":{"line":3,"column":16},"end":{"line":3,"column":34}},"2":{"start":{"line":4,"column":13},"end":{"line":4,"column":28}},"3":{"start":{"line":5,"column":28},"end":{"line":5,"column":67}},"4":{"start":{"line":6,"column":11},"end":{"line":6,"column":48}},"5":{"start":{"line":9,"column":12},"end":{"line":9,"column":21}},"6":{"start":{"line":11,"column":0},"end":{"line":11,"column":12}},"7":{"start":{"line":13,"column":0},"end":{"line":13,"column":23}},"8":{"start":{"line":14,"column":0},"end":{"line":14,"column":15}},"9":{"start":{"line":16,"column":0},"end":{"line":16,"column":46}},"10":{"start":{"line":18,"column":0},"end":{"line":18,"column":20}}},"fnMap":{},"branchMap":{},"s":{"0":1,"1":1,"2":1,"3":1,"4":1,"5":1,"6":1,"7":1,"8":1,"9":1,"10":1},"f":{},"b":{},"_coverageSchema":"1a1c01bbd47fc00a2c39e90264f33305004495a9","hash":"8dc27f47dacbcb9be7bc1be3c47b59f11c06c497"}
,"/home/netmake/arquivos_programacao/Reprograma2/testes/on18-tet-s15-automacao-teste/projeto-sala/src/config/mongoConnect.js": {"path":"/home/netmake/arquivos_programacao/Reprograma2/testes/on18-tet-s15-automacao-teste/projeto-sala/src/config/mongoConnect.js","statementMap":{"0":{"start":{"line":1,"column":17},"end":{"line":1,"column":36}},"1":{"start":{"line":3,"column":16},"end":{"line":15,"column":1}},"2":{"start":{"line":4,"column":2},"end":{"line":14,"column":7}},"3":{"start":{"line":9,"column":6},"end":{"line":9,"column":33}},"4":{"start":{"line":12,"column":6},"end":{"line":12,"column":25}},"5":{"start":{"line":13,"column":6},"end":{"line":13,"column":16}},"6":{"start":{"line":17,"column":0},"end":{"line":19,"column":2}}},"fnMap":{"0":{"name":"(anonymous_0)","decl":{"start":{"line":3,"column":16},"end":{"line":3,"column":17}},"loc":{"start":{"line":3,"column":28},"end":{"line":15,"column":1}},"line":3},"1":{"name":"(anonymous_1)","decl":{"start":{"line":8,"column":12},"end":{"line":8,"column":13}},"loc":{"start":{"line":8,"column":18},"end":{"line":10,"column":5}},"line":8},"2":{"name":"(anonymous_2)","decl":{"start":{"line":11,"column":11},"end":{"line":11,"column":12}},"loc":{"start":{"line":11,"column":20},"end":{"line":14,"column":5}},"line":11}},"branchMap":{},"s":{"0":1,"1":1,"2":1,"3":1,"4":0,"5":0,"6":1},"f":{"0":1,"1":1,"2":0},"b":{},"_coverageSchema":"1a1c01bbd47fc00a2c39e90264f33305004495a9","hash":"33aba8bad7d2f0475aa481a235b5d2375f4ebc63"}
,"/home/netmake/arquivos_programacao/Reprograma2/testes/on18-tet-s15-automacao-teste/projeto-sala/src/controllers/colaboradorasController.js": {"path":"/home/netmake/arquivos_programacao/Reprograma2/testes/on18-tet-s15-automacao-teste/projeto-sala/src/controllers/colaboradorasController.js","statementMap":{"0":{"start":{"line":1,"column":28},"end":{"line":1,"column":68}},"1":{"start":{"line":2,"column":15},"end":{"line":2,"column":32}},"2":{"start":{"line":3,"column":13},"end":{"line":3,"column":15}},"3":{"start":{"line":5,"column":12},"end":{"line":19,"column":1}},"4":{"start":{"line":6,"column":2},"end":{"line":18,"column":3}},"5":{"start":{"line":7,"column":29},"end":{"line":7,"column":61}},"6":{"start":{"line":8,"column":4},"end":{"line":12,"column":6}},"7":{"start":{"line":14,"column":4},"end":{"line":17,"column":6}},"8":{"start":{"line":21,"column":16},"end":{"line":37,"column":1}},"9":{"start":{"line":22,"column":13},"end":{"line":22,"column":26}},"10":{"start":{"line":23,"column":2},"end":{"line":36,"column":3}},"11":{"start":{"line":24,"column":29},"end":{"line":24,"column":67}},"12":{"start":{"line":26,"column":4},"end":{"line":29,"column":6}},"13":{"start":{"line":26,"column":27},"end":{"line":29,"column":6}},"14":{"start":{"line":30,"column":4},"end":{"line":30,"column":42}},"15":{"start":{"line":32,"column":4},"end":{"line":35,"column":6}},"16":{"start":{"line":39,"column":15},"end":{"line":74,"column":1}},"17":{"start":{"line":40,"column":47},"end":{"line":40,"column":55}},"18":{"start":{"line":42,"column":3},"end":{"line":47,"column":4}},"19":{"start":{"line":43,"column":4},"end":{"line":46,"column":7}},"20":{"start":{"line":49,"column":3},"end":{"line":54,"column":4}},"21":{"start":{"line":50,"column":4},"end":{"line":53,"column":6}},"22":{"start":{"line":56,"column":3},"end":{"line":73,"column":4}},"23":{"start":{"line":57,"column":28},"end":{"line":57,"column":87}},"24":{"start":{"line":59,"column":4},"end":{"line":59,"column":62}},"25":{"start":{"line":61,"column":30},"end":{"line":61,"column":58}},"26":{"start":{"line":63,"column":4},"end":{"line":67,"column":6}},"27":{"start":{"line":69,"column":5},"end":{"line":72,"column":6}},"28":{"start":{"line":76,"column":15},"end":{"line":105,"column":1}},"29":{"start":{"line":77,"column":46},"end":{"line":77,"column":54}},"30":{"start":{"line":78,"column":13},"end":{"line":78,"column":26}},"31":{"start":{"line":79,"column":2},"end":{"line":104,"column":4}},"32":{"start":{"line":80,"column":29},"end":{"line":80,"column":67}},"33":{"start":{"line":82,"column":4},"end":{"line":85,"column":6}},"34":{"start":{"line":82,"column":27},"end":{"line":85,"column":6}},"35":{"start":{"line":87,"column":4},"end":{"line":87,"column":104}},"36":{"start":{"line":88,"column":4},"end":{"line":88,"column":60}},"37":{"start":{"line":89,"column":4},"end":{"line":89,"column":87}},"38":{"start":{"line":91,"column":32},"end":{"line":91,"column":61}},"39":{"start":{"line":93,"column":4},"end":{"line":97,"column":6}},"40":{"start":{"line":100,"column":5},"end":{"line":103,"column":6}},"41":{"start":{"line":107,"column":15},"end":{"line":131,"column":1}},"42":{"start":{"line":108,"column":17},"end":{"line":108,"column":27}},"43":{"start":{"line":110,"column":2},"end":{"line":130,"column":4}},"44":{"start":{"line":111,"column":29},"end":{"line":111,"column":67}},"45":{"start":{"line":113,"column":4},"end":{"line":116,"column":6}},"46":{"start":{"line":113,"column":27},"end":{"line":116,"column":6}},"47":{"start":{"line":118,"column":5},"end":{"line":118,"column":36}},"48":{"start":{"line":120,"column":4},"end":{"line":123,"column":6}},"49":{"start":{"line":126,"column":5},"end":{"line":129,"column":6}},"50":{"start":{"line":134,"column":0},"end":{"line":134,"column":57}}},"fnMap":{"0":{"name":"(anonymous_0)","decl":{"start":{"line":5,"column":12},"end":{"line":5,"column":13}},"loc":{"start":{"line":5,"column":31},"end":{"line":19,"column":1}},"line":5},"1":{"name":"(anonymous_1)","decl":{"start":{"line":21,"column":16},"end":{"line":21,"column":17}},"loc":{"start":{"line":21,"column":36},"end":{"line":37,"column":1}},"line":21},"2":{"name":"(anonymous_2)","decl":{"start":{"line":39,"column":15},"end":{"line":39,"column":16}},"loc":{"start":{"line":39,"column":34},"end":{"line":74,"column":1}},"line":39},"3":{"name":"(anonymous_3)","decl":{"start":{"line":76,"column":15},"end":{"line":76,"column":16}},"loc":{"start":{"line":76,"column":35},"end":{"line":105,"column":1}},"line":76},"4":{"name":"(anonymous_4)","decl":{"start":{"line":107,"column":15},"end":{"line":107,"column":16}},"loc":{"start":{"line":107,"column":34},"end":{"line":131,"column":1}},"line":107}},"branchMap":{"0":{"loc":{"start":{"line":26,"column":4},"end":{"line":29,"column":6}},"type":"if","locations":[{"start":{"line":26,"column":4},"end":{"line":29,"column":6}},{"start":{},"end":{}}],"line":26},"1":{"loc":{"start":{"line":42,"column":3},"end":{"line":47,"column":4}},"type":"if","locations":[{"start":{"line":42,"column":3},"end":{"line":47,"column":4}},{"start":{},"end":{}}],"line":42},"2":{"loc":{"start":{"line":49,"column":3},"end":{"line":54,"column":4}},"type":"if","locations":[{"start":{"line":49,"column":3},"end":{"line":54,"column":4}},{"start":{},"end":{}}],"line":49},"3":{"loc":{"start":{"line":82,"column":4},"end":{"line":85,"column":6}},"type":"if","locations":[{"start":{"line":82,"column":4},"end":{"line":85,"column":6}},{"start":{},"end":{}}],"line":82},"4":{"loc":{"start":{"line":87,"column":32},"end":{"line":87,"column":104}},"type":"binary-expr","locations":[{"start":{"line":87,"column":32},"end":{"line":87,"column":40}},{"start":{"line":87,"column":44},"end":{"line":87,"column":75}},{"start":{"line":87,"column":79},"end":{"line":87,"column":104}}],"line":87},"5":{"loc":{"start":{"line":88,"column":29},"end":{"line":88,"column":60}},"type":"binary-expr","locations":[{"start":{"line":88,"column":29},"end":{"line":88,"column":34}},{"start":{"line":88,"column":38},"end":{"line":88,"column":60}}],"line":88},"6":{"loc":{"start":{"line":89,"column":38},"end":{"line":89,"column":87}},"type":"binary-expr","locations":[{"start":{"line":89,"column":38},"end":{"line":89,"column":52}},{"start":{"line":89,"column":56},"end":{"line":89,"column":87}}],"line":89},"7":{"loc":{"start":{"line":113,"column":4},"end":{"line":116,"column":6}},"type":"if","locations":[{"start":{"line":113,"column":4},"end":{"line":116,"column":6}},{"start":{},"end":{}}],"line":113}},"s":{"0":1,"1":1,"2":1,"3":1,"4":1,"5":1,"6":1,"7":0,"8":1,"9":2,"10":2,"11":2,"12":2,"13":1,"14":1,"15":0,"16":1,"17":1,"18":1,"19":0,"20":1,"21":0,"22":1,"23":1,"24":1,"25":1,"26":1,"27":0,"28":1,"29":1,"30":1,"31":1,"32":1,"33":1,"34":0,"35":1,"36":1,"37":1,"38":1,"39":1,"40":0,"41":1,"42":1,"43":1,"44":1,"45":1,"46":0,"47":1,"48":1,"49":0,"50":1},"f":{"0":1,"1":2,"2":1,"3":1,"4":1},"b":{"0":[1,1],"1":[0,1],"2":[0,1],"3":[0,1],"4":[1,0,1],"5":[1,0],"6":[1,0],"7":[0,1]},"_coverageSchema":"1a1c01bbd47fc00a2c39e90264f33305004495a9","hash":"8b0739ba739e73273c9f9a9d90148fe7453ed642"}
,"/home/netmake/arquivos_programacao/Reprograma2/testes/on18-tet-s15-automacao-teste/projeto-sala/src/models/colaboradorasModels.js": {"path":"/home/netmake/arquivos_programacao/Reprograma2/testes/on18-tet-s15-automacao-teste/projeto-sala/src/models/colaboradorasModels.js","statementMap":{"0":{"start":{"line":1,"column":17},"end":{"line":1,"column":36}},"1":{"start":{"line":3,"column":27},"end":{"line":20,"column":2}},"2":{"start":{"line":22,"column":0},"end":{"line":22,"column":68}}},"fnMap":{},"branchMap":{},"s":{"0":1,"1":1,"2":1},"f":{},"b":{},"_coverageSchema":"1a1c01bbd47fc00a2c39e90264f33305004495a9","hash":"6abdd5ae2ee4eb02a451727bc0c3309517327bef"}
,"/home/netmake/arquivos_programacao/Reprograma2/testes/on18-tet-s15-automacao-teste/projeto-sala/src/routes/colaboradorasRoutes.js": {"path":"/home/netmake/arquivos_programacao/Reprograma2/testes/on18-tet-s15-automacao-teste/projeto-sala/src/routes/colaboradorasRoutes.js","statementMap":{"0":{"start":{"line":1,"column":19},"end":{"line":1,"column":68}},"1":{"start":{"line":2,"column":16},"end":{"line":2,"column":34}},"2":{"start":{"line":4,"column":15},"end":{"line":4,"column":31}},"3":{"start":{"line":6,"column":0},"end":{"line":6,"column":34}},"4":{"start":{"line":7,"column":0},"end":{"line":7,"column":38}},"5":{"start":{"line":9,"column":0},"end":{"line":9,"column":41}},"6":{"start":{"line":10,"column":0},"end":{"line":10,"column":44}},"7":{"start":{"line":11,"column":0},"end":{"line":11,"column":47}},"8":{"start":{"line":13,"column":0},"end":{"line":13,"column":23}}},"fnMap":{},"branchMap":{},"s":{"0":1,"1":1,"2":1,"3":1,"4":1,"5":1,"6":1,"7":1,"8":1},"f":{},"b":{},"_coverageSchema":"1a1c01bbd47fc00a2c39e90264f33305004495a9","hash":"74c5ff1dea4b2a9ef5b5b2576790e40dc9691495"}
}
