TN:
SF:src/app.js
FNF:0
FNH:0
DA:2,1
DA:3,1
DA:4,1
DA:5,1
DA:6,1
DA:9,1
DA:11,1
DA:13,1
DA:14,1
DA:16,1
DA:18,1
LF:11
LH:11
BRF:0
BRH:0
end_of_record
TN:
SF:src/config/mongoConnect.js
FN:3,(anonymous_0)
FN:8,(anonymous_1)
FN:11,(anonymous_2)
FNF:3
FNH:2
FNDA:1,(anonymous_0)
FNDA:1,(anonymous_1)
FNDA:0,(anonymous_2)
DA:1,1
DA:3,1
DA:4,1
DA:9,1
DA:12,0
DA:13,0
DA:17,1
LF:7
LH:5
BRF:0
BRH:0
end_of_record
TN:
SF:src/controllers/colaboradorasController.js
FN:5,(anonymous_0)
FN:21,(anonymous_1)
FN:39,(anonymous_2)
FN:76,(anonymous_3)
FN:107,(anonymous_4)
FNF:5
FNH:5
FNDA:1,(anonymous_0)
FNDA:2,(anonymous_1)
FNDA:1,(anonymous_2)
FNDA:1,(anonymous_3)
FNDA:1,(anonymous_4)
DA:1,1
DA:2,1
DA:3,1
DA:5,1
DA:6,1
DA:7,1
DA:8,1
DA:14,0
DA:21,1
DA:22,2
DA:23,2
DA:24,2
DA:26,2
DA:30,1
DA:32,0
DA:39,1
DA:40,1
DA:42,1
DA:43,0
DA:49,1
DA:50,0
DA:56,1
DA:57,1
DA:59,1
DA:61,1
DA:63,1
DA:69,0
DA:76,1
DA:77,1
DA:78,1
DA:79,1
DA:80,1
DA:82,1
DA:87,1
DA:88,1
DA:89,1
DA:91,1
DA:93,1
DA:100,0
DA:107,1
DA:108,1
DA:110,1
DA:111,1
DA:113,1
DA:118,1
DA:120,1
DA:126,0
DA:134,1
LF:48
LH:41
BRDA:26,0,0,1
BRDA:26,0,1,1
BRDA:42,1,0,0
BRDA:42,1,1,1
BRDA:49,2,0,0
BRDA:49,2,1,1
BRDA:82,3,0,0
BRDA:82,3,1,1
BRDA:87,4,0,1
BRDA:87,4,1,0
BRDA:87,4,2,1
BRDA:88,5,0,1
BRDA:88,5,1,0
BRDA:89,6,0,1
BRDA:89,6,1,0
BRDA:113,7,0,0
BRDA:113,7,1,1
BRF:17
BRH:10
end_of_record
TN:
SF:src/models/colaboradorasModels.js
FNF:0
FNH:0
DA:1,1
DA:3,1
DA:22,1
LF:3
LH:3
BRF:0
BRH:0
end_of_record
TN:
SF:src/routes/colaboradorasRoutes.js
FNF:0
FNH:0
DA:1,1
DA:2,1
DA:4,1
DA:6,1
DA:7,1
DA:9,1
DA:10,1
DA:11,1
DA:13,1
LF:9
LH:9
BRF:0
BRH:0
end_of_record
